Using pre-set license
Built from '2020.3/release' branch; Version is '2020.3.15f2 (6cf78cb77498) revision 7141260'; Using compiler version '192528614'; Build Type 'Release'
OS: 'Windows 10 Home; OS build 19042.1110; Version 2009; 64bit' Language: 'en' Physical Memory: 16316 MB
BatchMode: 1, IsHumanControllingUs: 0, StartBugReporterOnCrash: 0, Is64bit: 1, IsPro: 0

 COMMAND LINE ARGUMENTS:
C:\Program Files\Unity\Hub\Editor\2020.3.15f2\Editor\Unity.exe
-adb2
-batchMode
-noUpm
-name
AssetImportWorker0
-projectPath
C:/Users/natel/Documents/GitHub/Between-Death/Between Death
-logFile
Logs/AssetImportWorker0.log
-srvPort
52988
Successfully changed project path to: C:/Users/natel/Documents/GitHub/Between-Death/Between Death
C:/Users/natel/Documents/GitHub/Between-Death/Between Death
Using Asset Import Pipeline V2.
Refreshing native plugins compatible for Editor in 48.13 ms, found 2 plugins.
Preloading 0 native plugins for Editor in 0.00 ms.
Initialize engine version: 2020.3.15f2 (6cf78cb77498)
[Subsystems] Discovering subsystems at path C:/Program Files/Unity/Hub/Editor/2020.3.15f2/Editor/Data/Resources/UnitySubsystems
[Subsystems] Discovering subsystems at path C:/Users/natel/Documents/GitHub/Between-Death/Between Death/Assets
GfxDevice: creating device client; threaded=0
Direct3D:
    Version:  Direct3D 11.0 [level 11.1]
    Renderer: NVIDIA GeForce GTX 1080 Ti (ID=0x1b06)
    Vendor:   
    VRAM:     11127 MB
    Driver:   30.0.14.7111
Shader 'Universal Render Pipeline/Particles/Lit': fallback shader 'Universal Render Pipeline/Particles/SimpleLit' not found
Initialize mono
Mono path[0] = 'C:/Program Files/Unity/Hub/Editor/2020.3.15f2/Editor/Data/Managed'
Mono path[1] = 'C:/Program Files/Unity/Hub/Editor/2020.3.15f2/Editor/Data/MonoBleedingEdge/lib/mono/unityjit'
Mono config path = 'C:/Program Files/Unity/Hub/Editor/2020.3.15f2/Editor/Data/MonoBleedingEdge/etc'
Using monoOptions --debugger-agent=transport=dt_socket,embedding=1,server=y,suspend=n,address=127.0.0.1:56196
Begin MonoManager ReloadAssembly
Registering precompiled unity dll's ...
Register platform support module: C:/Program Files/Unity/Hub/Editor/2020.3.15f2/Editor/Data/PlaybackEngines/WindowsStandaloneSupport/UnityEditor.WindowsStandalone.Extensions.dll
Registered in 0.002058 seconds.
Native extension for WindowsStandalone target not found
Refreshing native plugins compatible for Editor in 49.39 ms, found 2 plugins.
Preloading 0 native plugins for Editor in 0.00 ms.
Mono: successfully reloaded assembly
- Completed reload, in  1.090 seconds
Domain Reload Profiling:
	ReloadAssembly (1090ms)
		BeginReloadAssembly (50ms)
			ExecutionOrderSort (0ms)
			DisableScriptedObjects (0ms)
			BackupInstance (0ms)
			ReleaseScriptingObjects (0ms)
			CreateAndSetChildDomain (1ms)
		EndReloadAssembly (408ms)
			LoadAssemblies (48ms)
			RebuildTransferFunctionScriptingTraits (0ms)
			SetupTypeCache (143ms)
			ReleaseScriptCaches (0ms)
			RebuildScriptCaches (27ms)
			SetupLoadedEditorAssemblies (160ms)
				LogAssemblyErrors (0ms)
				InitializePlatformSupportModulesInManaged (3ms)
				SetLoadedEditorAssemblies (0ms)
				RefreshPlugins (49ms)
				BeforeProcessingInitializeOnLoad (13ms)
				ProcessInitializeOnLoadAttributes (70ms)
				ProcessInitializeOnLoadMethodAttributes (24ms)
				AfterProcessingInitializeOnLoad (0ms)
				EditorAssembliesLoaded (0ms)
			ExecutionOrderSort2 (0ms)
			AwakeInstancesAfterBackupRestoration (0ms)
Platform modules already initialized, skipping
Registering precompiled user dll's ...
Registered in 0.004603 seconds.
Begin MonoManager ReloadAssembly
Native extension for WindowsStandalone target not found
Refreshing native plugins compatible for Editor in 73.56 ms, found 2 plugins.
Preloading 0 native plugins for Editor in 0.00 ms.
Mono: successfully reloaded assembly
- Completed reload, in  1.680 seconds
Domain Reload Profiling:
	ReloadAssembly (1681ms)
		BeginReloadAssembly (149ms)
			ExecutionOrderSort (0ms)
			DisableScriptedObjects (4ms)
			BackupInstance (0ms)
			ReleaseScriptingObjects (0ms)
			CreateAndSetChildDomain (33ms)
		EndReloadAssembly (1473ms)
			LoadAssemblies (88ms)
			RebuildTransferFunctionScriptingTraits (0ms)
			SetupTypeCache (358ms)
			ReleaseScriptCaches (1ms)
			RebuildScriptCaches (45ms)
			SetupLoadedEditorAssemblies (826ms)
				LogAssemblyErrors (0ms)
				InitializePlatformSupportModulesInManaged (3ms)
				SetLoadedEditorAssemblies (0ms)
				RefreshPlugins (74ms)
				BeforeProcessingInitializeOnLoad (122ms)
				ProcessInitializeOnLoadAttributes (616ms)
				ProcessInitializeOnLoadMethodAttributes (4ms)
				AfterProcessingInitializeOnLoad (7ms)
				EditorAssembliesLoaded (0ms)
			ExecutionOrderSort2 (0ms)
			AwakeInstancesAfterBackupRestoration (8ms)
Platform modules already initialized, skipping
========================================================================
Worker process is ready to serve import requests
Shader 'Universal Render Pipeline/Particles/Lit': fallback shader 'Universal Render Pipeline/Particles/SimpleLit' not found
Launched and connected shader compiler UnityShaderCompiler.exe after 0.19 seconds
Refreshing native plugins compatible for Editor in 0.78 ms, found 2 plugins.
Preloading 0 native plugins for Editor in 0.00 ms.
Unloading 2703 Unused Serialized files (Serialized files now loaded: 0)
System memory in use before: 122.9 MB.
System memory in use after: 122.4 MB.

Unloading 36 unused Assets to reduce memory usage. Loaded Objects now: 3119.
Total: 7.621300 ms (FindLiveObjects: 0.634500 ms CreateObjectMapping: 0.447400 ms MarkObjects: 5.995200 ms  DeleteObjects: 0.541600 ms)

AssetImportParameters requested are different than current active one (requested -> active):
  custom:framework-win-MediaFoundation: 216162199b28c13a410421893ffa2e32 -> 
  custom:video-decoder-ogg-theora: a1e56fd34408186e4bbccfd4996cb3dc -> 
  custom:container-muxer-webm: aa71ff27fc2769a1b78a27578f13a17b -> 
  custom:container-demuxer-webm: 4f35f7cbe854078d1ac9338744f61a02 -> 
  custom:container-demuxer-ogg: 62fdf1f143b41e24485cea50d1cbac27 -> 
  custom:video-encoder-webm-vp8: eb34c28f22e8b96e1ab97ce403110664 -> 
  custom:video-decoder-webm-vp8: 9c59270c3fd7afecdb556c50c9e8de78 -> 
  custom:audio-decoder-ogg-vorbis: bf7c407c2cedff20999df2af8eb42d56 -> 
  custom:audio-encoder-webm-vorbis: bf7c407c2cedff20999df2af8eb42d56 -> 
========================================================================
Received Import Request.
  path: Assets/ExampleAssets
  artifactKey: Guid(990f5c2df70993f4987a388ca178996a) Importer(815301076,1909f56bfc062723c751e8b465ee728b)
Start importing Assets/ExampleAssets using Guid(990f5c2df70993f4987a388ca178996a) Importer(815301076,1909f56bfc062723c751e8b465ee728b)  -> (artifact id: 'd5ac45704b3e904ca5b19a6457cc79ac') in 0.034645 seconds 
  Import took 0.048652 seconds .

========================================================================
Received Import Request.
  Time since last request: 0.880278 seconds.
  path: Assets/Materials/Skybox_Mat.mat
  artifactKey: Guid(0ffaa0b7117ba8c47a9d05ae701d4b4d) Importer(815301076,1909f56bfc062723c751e8b465ee728b)
Start importing Assets/Materials/Skybox_Mat.mat using Guid(0ffaa0b7117ba8c47a9d05ae701d4b4d) Importer(815301076,1909f56bfc062723c751e8b465ee728b)  -> (artifact id: '4d54ab3375f41efad00566dcae11def2') in 1.502824 seconds 
  Import took 1.507172 seconds .

========================================================================
Received Import Request.
  Time since last request: 0.822490 seconds.
  path: Assets/Presets/AudioCompressedInMemory.preset
  artifactKey: Guid(2dd802e4d37c65149922028d3e973832) Importer(815301076,1909f56bfc062723c751e8b465ee728b)
Start importing Assets/Presets/AudioCompressedInMemory.preset using Guid(2dd802e4d37c65149922028d3e973832) Importer(815301076,1909f56bfc062723c751e8b465ee728b)  -> (artifact id: 'ac4de02398cfe62c06251b0f50233ebf') in 0.256520 seconds 
  Import took 0.375696 seconds .

========================================================================
Received Import Request.
  Time since last request: 0.000142 seconds.
  path: Assets/Presets/AudioStreaming.preset
  artifactKey: Guid(86bcce7f5575b54408aa0f3a7d321039) Importer(815301076,1909f56bfc062723c751e8b465ee728b)
Start importing Assets/Presets/AudioStreaming.preset using Guid(86bcce7f5575b54408aa0f3a7d321039) Importer(815301076,1909f56bfc062723c751e8b465ee728b)  -> (artifact id: '9982fbd60bc57b892b2c54d34a0163c0') in 0.006193 seconds 
  Import took 0.009700 seconds .

========================================================================
Received Import Request.
  Time since last request: 0.000181 seconds.
  path: Assets/Presets/NormalTexture.preset
  artifactKey: Guid(14a57cf3b9fa1c74b884aa7e0dcf1faa) Importer(815301076,1909f56bfc062723c751e8b465ee728b)
Start importing Assets/Presets/NormalTexture.preset using Guid(14a57cf3b9fa1c74b884aa7e0dcf1faa) Importer(815301076,1909f56bfc062723c751e8b465ee728b)  -> (artifact id: '9c195482fc53bc4f53f643643f636469') in 0.007554 seconds 
  Import took 0.012255 seconds .

========================================================================
Received Import Request.
  Time since last request: 0.000148 seconds.
  path: Assets/Presets/UtilityTexture.preset
  artifactKey: Guid(45f7b2e3c78185248b3adbb14429c2ab) Importer(815301076,1909f56bfc062723c751e8b465ee728b)
Start importing Assets/Presets/UtilityTexture.preset using Guid(45f7b2e3c78185248b3adbb14429c2ab) Importer(815301076,1909f56bfc062723c751e8b465ee728b)  -> (artifact id: 'ab9c1faeeb59b745cafa0ae79c874a42') in 0.010719 seconds 
  Import took 0.024267 seconds .

========================================================================
Received Import Request.
  Time since last request: 3.522549 seconds.
  path: Assets/Settings/ForwardRenderer.asset
  artifactKey: Guid(4a8e21d5c33334b11b34a596161b9360) Importer(815301076,1909f56bfc062723c751e8b465ee728b)
Start importing Assets/Settings/ForwardRenderer.asset using Guid(4a8e21d5c33334b11b34a596161b9360) Importer(815301076,1909f56bfc062723c751e8b465ee728b)  -> (artifact id: '63cf95242464b0f1307a08bc2392aaaa') in 0.010595 seconds 
  Import took 0.014671 seconds .

========================================================================
Received Import Request.
  Time since last request: 0.000197 seconds.
  path: Assets/Settings/SampleSceneProfile.asset
  artifactKey: Guid(10fc4df2da32a41aaa32d77bc913491c) Importer(815301076,1909f56bfc062723c751e8b465ee728b)
Start importing Assets/Settings/SampleSceneProfile.asset using Guid(10fc4df2da32a41aaa32d77bc913491c) Importer(815301076,1909f56bfc062723c751e8b465ee728b)  -> (artifact id: 'd2b3f476ab718b1cf20d183dd9addfe7') in 0.008458 seconds 
  Import took 0.012915 seconds .

========================================================================
Received Import Request.
  Time since last request: 0.000197 seconds.
  path: Assets/Settings/UniversalRP-LowQuality.asset
  artifactKey: Guid(a31e9f9f9c9d4b9429ed0d1234e22103) Importer(815301076,1909f56bfc062723c751e8b465ee728b)
Start importing Assets/Settings/UniversalRP-LowQuality.asset using Guid(a31e9f9f9c9d4b9429ed0d1234e22103) Importer(815301076,1909f56bfc062723c751e8b465ee728b)  -> (artifact id: 'b226a0bb157262eadf686f6bb5b5f1f8') in 0.006465 seconds 
  Import took 0.011212 seconds .

========================================================================
Received Import Request.
  Time since last request: 0.000203 seconds.
  path: Assets/Settings/UniversalRP-MediumQuality.asset
  artifactKey: Guid(d847b876476d3d6468f5dfcd34266f96) Importer(815301076,1909f56bfc062723c751e8b465ee728b)
Start importing Assets/Settings/UniversalRP-MediumQuality.asset using Guid(d847b876476d3d6468f5dfcd34266f96) Importer(815301076,1909f56bfc062723c751e8b465ee728b)  -> (artifact id: 'd421f548a6507a11f25ec3578746e9c1') in 0.008047 seconds 
  Import took 0.012675 seconds .

========================================================================
Received Import Request.
  Time since last request: 0.000196 seconds.
  path: Assets/Settings/UniversalRP-HighQuality.asset
  artifactKey: Guid(19ba41d7c0026c3459d37c2fe90c55a0) Importer(815301076,1909f56bfc062723c751e8b465ee728b)
Start importing Assets/Settings/UniversalRP-HighQuality.asset using Guid(19ba41d7c0026c3459d37c2fe90c55a0) Importer(815301076,1909f56bfc062723c751e8b465ee728b)  -> (artifact id: '02e18c1f933b70f494440bf5e7626866') in 0.007969 seconds 
  Import took 0.112182 seconds .

========================================================================
Received Import Request.
  Time since last request: 4.875936 seconds.
  path: Assets
  artifactKey: Guid(00000000000000001000000000000000) Importer(815301076,1909f56bfc062723c751e8b465ee728b)
Start importing Assets using Guid(00000000000000001000000000000000) Importer(815301076,1909f56bfc062723c751e8b465ee728b)  -> (artifact id: '42d402b061de3733987d63b9cc3b64de') in 0.005057 seconds 
  Import took 0.008757 seconds .

========================================================================
Received Import Request.
  Time since last request: 18.852844 seconds.
  path: Assets/URPExample
  artifactKey: Guid(76f0d7567fcfa124eb2ef9f749b36045) Importer(815301076,1909f56bfc062723c751e8b465ee728b)
Start importing Assets/URPExample using Guid(76f0d7567fcfa124eb2ef9f749b36045) Importer(815301076,1909f56bfc062723c751e8b465ee728b)  -> (artifact id: '77a8f170aca1077f25a3a4bc39ef5ce3') in 0.004900 seconds 
  Import took 0.009056 seconds .

========================================================================
Received Prepare
Registering precompiled user dll's ...
Registered in 0.004299 seconds.
Begin MonoManager ReloadAssembly
Native extension for WindowsStandalone target not found
Refreshing native plugins compatible for Editor in 0.44 ms, found 2 plugins.
Preloading 0 native plugins for Editor in 0.00 ms.
Mono: successfully reloaded assembly
- Completed reload, in  1.000 seconds
Domain Reload Profiling:
	ReloadAssembly (1001ms)
		BeginReloadAssembly (114ms)
			ExecutionOrderSort (0ms)
			DisableScriptedObjects (7ms)
			BackupInstance (0ms)
			ReleaseScriptingObjects (0ms)
			CreateAndSetChildDomain (33ms)
		EndReloadAssembly (823ms)
			LoadAssemblies (83ms)
			RebuildTransferFunctionScriptingTraits (0ms)
			SetupTypeCache (260ms)
			ReleaseScriptCaches (1ms)
			RebuildScriptCaches (35ms)
			SetupLoadedEditorAssemblies (328ms)
				LogAssemblyErrors (0ms)
				InitializePlatformSupportModulesInManaged (4ms)
				SetLoadedEditorAssemblies (0ms)
				RefreshPlugins (0ms)
				BeforeProcessingInitializeOnLoad (77ms)
				ProcessInitializeOnLoadAttributes (236ms)
				ProcessInitializeOnLoadMethodAttributes (3ms)
				AfterProcessingInitializeOnLoad (7ms)
				EditorAssembliesLoaded (0ms)
			ExecutionOrderSort2 (0ms)
			AwakeInstancesAfterBackupRestoration (14ms)
Platform modules already initialized, skipping
Shader 'Universal Render Pipeline/Particles/Lit': fallback shader 'Universal Render Pipeline/Particles/SimpleLit' not found
Refreshing native plugins compatible for Editor in 0.48 ms, found 2 plugins.
Preloading 0 native plugins for Editor in 0.00 ms.
Unloading 2612 Unused Serialized files (Serialized files now loaded: 0)
System memory in use before: 122.8 MB.
System memory in use after: 122.4 MB.

Unloading 31 unused Assets to reduce memory usage. Loaded Objects now: 3201.
Total: 2.667400 ms (FindLiveObjects: 0.234700 ms CreateObjectMapping: 0.110500 ms MarkObjects: 2.066100 ms  DeleteObjects: 0.255200 ms)

AssetImportParameters requested are different than current active one (requested -> active):
  custom:framework-win-MediaFoundation: 216162199b28c13a410421893ffa2e32 -> 
  custom:video-decoder-ogg-theora: a1e56fd34408186e4bbccfd4996cb3dc -> 
  custom:container-muxer-webm: aa71ff27fc2769a1b78a27578f13a17b -> 
  custom:container-demuxer-webm: 4f35f7cbe854078d1ac9338744f61a02 -> 
  custom:container-demuxer-ogg: 62fdf1f143b41e24485cea50d1cbac27 -> 
  custom:video-encoder-webm-vp8: eb34c28f22e8b96e1ab97ce403110664 -> 
  custom:video-decoder-webm-vp8: 9c59270c3fd7afecdb556c50c9e8de78 -> 
  custom:audio-decoder-ogg-vorbis: bf7c407c2cedff20999df2af8eb42d56 -> 
  custom:audio-encoder-webm-vorbis: bf7c407c2cedff20999df2af8eb42d56 -> 
========================================================================
Received Import Request.
  Time since last request: 21.803900 seconds.
  path: Assets/Art
  artifactKey: Guid(2cd0308c35af8c14aa414f1849b8ba45) Importer(815301076,1909f56bfc062723c751e8b465ee728b)
Start importing Assets/Art using Guid(2cd0308c35af8c14aa414f1849b8ba45) Importer(815301076,1909f56bfc062723c751e8b465ee728b)  -> (artifact id: '08e0403881a9f714ccf575cf6c9d7d22') in 0.007724 seconds 
  Import took 0.011237 seconds .

========================================================================
Received Import Request.
  Time since last request: 14.968211 seconds.
  path: Assets/Sounds
  artifactKey: Guid(d903cf657c4ab434d99a7da096fbf74a) Importer(815301076,1909f56bfc062723c751e8b465ee728b)
Start importing Assets/Sounds using Guid(d903cf657c4ab434d99a7da096fbf74a) Importer(815301076,1909f56bfc062723c751e8b465ee728b)  -> (artifact id: 'c8288fc5cc250e2b1f9b52bf5e93d017') in 0.004935 seconds 
  Import took 0.008683 seconds .

========================================================================
Received Import Request.
  Time since last request: 4.467226 seconds.
  path: Assets/Audio
  artifactKey: Guid(d903cf657c4ab434d99a7da096fbf74a) Importer(815301076,1909f56bfc062723c751e8b465ee728b)
Start importing Assets/Audio using Guid(d903cf657c4ab434d99a7da096fbf74a) Importer(815301076,1909f56bfc062723c751e8b465ee728b)  -> (artifact id: '07aa592ab25d2e73c5f813ea850b9df9') in 0.004644 seconds 
  Import took 0.008353 seconds .

========================================================================
Received Import Request.
  Time since last request: 8.069750 seconds.
  path: Assets/Scenes
  artifactKey: Guid(501e2e0474fa93046b295d5c0e6a67b8) Importer(815301076,1909f56bfc062723c751e8b465ee728b)
Start importing Assets/Scenes using Guid(501e2e0474fa93046b295d5c0e6a67b8) Importer(815301076,1909f56bfc062723c751e8b465ee728b)  -> (artifact id: '71d263a3fc17c732981f4d1e14b792da') in 0.004839 seconds 
  Import took 0.008437 seconds .

========================================================================
Received Import Request.
  Time since last request: 7.578221 seconds.
  path: Assets/Scripts
  artifactKey: Guid(8c7ce37e2024c514dac5754f2142684f) Importer(815301076,1909f56bfc062723c751e8b465ee728b)
Start importing Assets/Scripts using Guid(8c7ce37e2024c514dac5754f2142684f) Importer(815301076,1909f56bfc062723c751e8b465ee728b)  -> (artifact id: '547c04fbf1e11d80c588cfe5b0a9a91b') in 0.004907 seconds 
  Import took 0.008669 seconds .

========================================================================
Received Import Request.
  Time since last request: 8.474393 seconds.
  path: Assets/Prefabs
  artifactKey: Guid(2ea913f76dbbe6543b2ca149bb8fd50c) Importer(815301076,1909f56bfc062723c751e8b465ee728b)
Start importing Assets/Prefabs using Guid(2ea913f76dbbe6543b2ca149bb8fd50c) Importer(815301076,1909f56bfc062723c751e8b465ee728b)  -> (artifact id: '78a4b397c2373c0cd08976892b175ff8') in 0.005353 seconds 
  Import took 0.009453 seconds .

========================================================================
Received Import Request.
  Time since last request: 31.404826 seconds.
  path: Assets/Art/Temp Art
  artifactKey: Guid(c508563aba0eacf44b8c0b633951bd48) Importer(815301076,1909f56bfc062723c751e8b465ee728b)
Start importing Assets/Art/Temp Art using Guid(c508563aba0eacf44b8c0b633951bd48) Importer(815301076,1909f56bfc062723c751e8b465ee728b)  -> (artifact id: '44c4e191ac5ba764e1b1e368a157a3a3') in 0.004986 seconds 
  Import took 0.008886 seconds .

========================================================================
Received Import Request.
  Time since last request: 29.789814 seconds.
  path: Assets/Scenes/PathfindingTest.unity
  artifactKey: Guid(4ce7c09145e24b04bb28408982ee4d6a) Importer(815301076,1909f56bfc062723c751e8b465ee728b)
Start importing Assets/Scenes/PathfindingTest.unity using Guid(4ce7c09145e24b04bb28408982ee4d6a) Importer(815301076,1909f56bfc062723c751e8b465ee728b)  -> (artifact id: 'a8aa74596c39af3f3d0a0606ab4e2c4d') in 0.020910 seconds 
  Import took 0.024480 seconds .

========================================================================
Received Import Request.
  Time since last request: 1154.484287 seconds.
  path: Assets/Art/Temp Art/FantasyPlatformerPropsv2
  artifactKey: Guid(e3b9486d011a8aa46abf0ba6aaea7489) Importer(815301076,1909f56bfc062723c751e8b465ee728b)
Start importing Assets/Art/Temp Art/FantasyPlatformerPropsv2 using Guid(e3b9486d011a8aa46abf0ba6aaea7489) Importer(815301076,1909f56bfc062723c751e8b465ee728b)  -> (artifact id: '8b7154879cf0fcfeb608e634cb0f785e') in 0.005427 seconds 
  Import took 0.009416 seconds .

========================================================================
Received Import Request.
  Time since last request: 0.076711 seconds.
  path: Assets/Art/Temp Art/FantasyPlatformerPropsv2/DecorsAllTogetherStatic32x32.png
  artifactKey: Guid(d986a4bf847b6904191621600ef99eb9) Importer(815301076,1909f56bfc062723c751e8b465ee728b)
Start importing Assets/Art/Temp Art/FantasyPlatformerPropsv2/DecorsAllTogetherStatic32x32.png using Guid(d986a4bf847b6904191621600ef99eb9) Importer(815301076,1909f56bfc062723c751e8b465ee728b)  -> (artifact id: '047532865a284f849e5f6cb6c60bf6b0') in 0.080417 seconds 
  Import took 0.083856 seconds .

========================================================================
Received Import Request.
  Time since last request: 4.518649 seconds.
  path: Assets/Art/Temp Art/item pack
  artifactKey: Guid(2d5c508f3c9b5974fad5756a3e7d7e6a) Importer(815301076,1909f56bfc062723c751e8b465ee728b)
Start importing Assets/Art/Temp Art/item pack using Guid(2d5c508f3c9b5974fad5756a3e7d7e6a) Importer(815301076,1909f56bfc062723c751e8b465ee728b)  -> (artifact id: '32dca07b28f6cc01f7e14040b63e1d46') in 0.005142 seconds 
  Import took 0.008972 seconds .

AssetImportWorkerClient::OnTransportError - code=2 error=End of file
